#
# A fatal error has been detected by the Java Runtime Environment:
#
#  SIGSEGV (0xb) at pc=0x000000010d31d534, pid=3182, tid=0x0000000000012903
#
# JRE version: OpenJDK Runtime Environment (8.0_352-b08) (build 1.8.0_352-b08)
# Java VM: OpenJDK 64-Bit Server VM (25.352-b08 mixed mode bsd-amd64 compressed oops)
# Problematic frame:
# V  [libjvm.dylib+0x31d534]
#
# Failed to write core dump. Core dumps have been disabled. To enable core dumping, try "ulimit -c unlimited" before starting Java again
#
# If you would like to submit a bug report, please visit:
#   https://bell-sw.com/support
#

---------------  T H R E A D  ---------------

Current thread (0x00007fd1e70da800):  JavaThread "AWT-EventQueue-0" [_thread_in_vm, id=76035, stack(0x000070000f43e000,0x000070000f53e000)]

siginfo: si_signo: 11 (SIGSEGV), si_code: 1 (SEGV_MAPERR), si_addr: 0x0000000000000000

Registers:
RAX=0x0000000000000000, RBX=0x00007fd1e70da800, RCX=0x000000000000000b, RDX=0x0000000000000000
RSP=0x000070000f53ae00, RBP=0x000070000f53ae80, RSI=0x0000000000000000, RDI=0x00007fd1e70daa60
R8 =0x000070000f53ac00, R9 =0x00000001131e5a40, R10=0x00000001131ec3db, R11=0x000000010d4ffba5
R12=0x00007fd1e70daa60, R13=0x00000001225ddab8, R14=0x0000000000000000, R15=0x0000000000000000
RIP=0x000000010d31d534, EFLAGS=0x0000000000010246, ERR=0x0000000000000004
  TRAPNO=0x000000000000000e

Top of Stack: (sp=0x000070000f53ae00)
0x000070000f53ae00:   00007fd1e664ba40 00007fd1e651e560
0x000070000f53ae10:   00007fd1e651e570 00007fd1e651e948
0x000070000f53ae20:   00000000000003d8 00007fd1e70da800
0x000070000f53ae30:   0000000000000000 00007fd1e70da800
0x000070000f53ae40:   0000000000015129 00007fd1e70da800
0x000070000f53ae50:   00007fd1e70da800 00000001225ddac8
0x000070000f53ae60:   0000000000000000 00000001225ddab8
0x000070000f53ae70:   000070000f53af98 00007fd1e70da800
0x000070000f53ae80:   000070000f53aeb0 00000001590f5a9c
0x000070000f53ae90:   00000001225ddac8 0000000000000000
0x000070000f53aea0:   0000000000000000 00007fd1e70daa60
0x000070000f53aeb0:   000070000f53af00 00000001590f5a3a
0x000070000f53aec0:   00007fd1e70da800 00000001225ddac8
0x000070000f53aed0:   00007fd1e70da800 00000001225ddac8
0x000070000f53aee0:   0000000000000000 0000000000000000
0x000070000f53aef0:   000070000f53af78 00007fd1e70daa60
0x000070000f53af00:   000070000f53af68 00000001131ec407
0x000070000f53af10:   000070000f53af68 00000001131ec167
0x000070000f53af20:   00000001131ec122 000070000f53af28
0x000070000f53af30:   00000001225ddab8 000070000f53af98
0x000070000f53af40:   00000001225ddd10 0000000000000000
0x000070000f53af50:   00000001225ddac8 0000000000000000
0x000070000f53af60:   000070000f53af88 000070000f53afe0
0x000070000f53af70:   00000001131db7d0 00000007962297d0
0x000070000f53af80:   00000001131e5a40 0000000000000000
0x000070000f53af90:   0000000796124fa0 0000000000000000
0x000070000f53afa0:   000070000f53afa0 00000001225da235
0x000070000f53afb0:   000070000f53b020 00000001225dd070
0x000070000f53afc0:   0000000000000000 00000001225da2f8
0x000070000f53afd0:   000070000f53af88 000070000f53b018
0x000070000f53afe0:   000070000f53b068 00000001131dbffd
0x000070000f53aff0:   0000000000000000 0000000000000000 

Instructions: (pc=0x000000010d31d534)
0x000000010d31d514:   08 74 09 48 8d 7d a8 e8 da 17 1b 00 4c 89 e7 4c
0x000000010d31d524:   89 fe 4c 89 f2 90 0f 1f 40 00 41 f6 c7 01 75 05
0x000000010d31d534:   4d 8b 3f eb 0b 4c 89 ff e8 95 49 02 00 49 89 c7
0x000000010d31d544:   48 8d 05 9d 19 40 00 48 63 00 48 8d 0d 3b 11 40 

Register to memory mapping:

RAX=0x0000000000000000 is an unknown value
RBX=0x00007fd1e70da800 is a thread
RCX=0x000000000000000b is an unknown value
RDX=0x0000000000000000 is an unknown value
RSP=0x000070000f53ae00 is pointing into the stack for thread: 0x00007fd1e70da800
RBP=0x000070000f53ae80 is pointing into the stack for thread: 0x00007fd1e70da800
RSI=0x0000000000000000 is an unknown value
RDI=0x00007fd1e70daa60 is an unknown value
R8 =0x000070000f53ac00 is pointing into the stack for thread: 0x00007fd1e70da800
R9 =0x00000001131e5a40 is at code_begin+0 in an Interpreter codelet
result handlers for native calls  [0x00000001131e5a40, 0x00000001131e5a60]  32 bytes
R10=0x00000001131ec3db is at code_begin+859 in an Interpreter codelet
method entry point (kind = native)  [0x00000001131ec080, 0x00000001131eca00]  2432 bytes
R11=0x000000010d4ffba5: throw_unsatisfied_link_error+0 in /Users/pilafber/Library/Java/JavaVirtualMachines/liberica-1.8.0_352/jre/lib/server/libjvm.dylib at 0x000000010d000000
R12=0x00007fd1e70daa60 is an unknown value
R13=0x00000001225ddab8 is pointing into metadata
R14=0x0000000000000000 is an unknown value
R15=0x0000000000000000 is an unknown value


Stack: [0x000070000f43e000,0x000070000f53e000],  sp=0x000070000f53ae00,  free space=1011k
Native frames: (J=compiled Java code, j=interpreted, Vv=VM code, C=native code)
V  [libjvm.dylib+0x31d534]
C  [libsmartcalc.dylib+0x7a9c]  _ZN7JNIEnv_17GetStringUTFCharsEP8_jstringPh+0x2c
C  [libsmartcalc.dylib+0x7a3a]  Java_edu_school21_smartcalc_cpplib_NativeLibraryCalls_calculate__Ljava_lang_String_2D+0x2a
j  edu.school21.smartcalc.cpplib.NativeLibraryCalls.calculate(Ljava/lang/String;D)Z+0
j  edu.school21.smartcalc.chart.GraphicsPanel.paintComponent(Ljava/awt/Graphics;)V+13
j  javax.swing.JComponent.paint(Ljava/awt/Graphics;)V+286
j  javax.swing.JComponent.paintChildren(Ljava/awt/Graphics;)V+501
j  javax.swing.JComponent.paint(Ljava/awt/Graphics;)V+318
j  javax.swing.JComponent.paintChildren(Ljava/awt/Graphics;)V+501
j  javax.swing.JComponent.paint(Ljava/awt/Graphics;)V+318
j  javax.swing.JComponent.paintChildren(Ljava/awt/Graphics;)V+501
j  javax.swing.JComponent.paint(Ljava/awt/Graphics;)V+318
j  javax.swing.JLayeredPane.paint(Ljava/awt/Graphics;)V+73
j  javax.swing.JComponent.paintChildren(Ljava/awt/Graphics;)V+501
j  javax.swing.JComponent.paintToOffscreen(Ljava/awt/Graphics;IIIIII)V+72
j  javax.swing.RepaintManager$PaintManager.paintDoubleBuffered(Ljavax/swing/JComponent;Ljava/awt/Image;Ljava/awt/Graphics;IIII)V+163
j  javax.swing.RepaintManager$PaintManager.paint(Ljavax/swing/JComponent;Ljavax/swing/JComponent;Ljava/awt/Graphics;IIII)Z+116
j  javax.swing.RepaintManager.paint(Ljavax/swing/JComponent;Ljavax/swing/JComponent;Ljava/awt/Graphics;IIII)V+51
j  javax.swing.JComponent.paint(Ljava/awt/Graphics;)V+221
j  java.awt.GraphicsCallback$PaintCallback.run(Ljava/awt/Component;Ljava/awt/Graphics;)V+2
j  sun.awt.SunGraphicsCallback.runOneComponent(Ljava/awt/Component;Ljava/awt/Rectangle;Ljava/awt/Graphics;Ljava/awt/Shape;I)V+155
j  sun.awt.SunGraphicsCallback.runComponents([Ljava/awt/Component;Ljava/awt/Graphics;I)V+194
j  java.awt.Container.paint(Ljava/awt/Graphics;)V+58
j  java.awt.Window.paint(Ljava/awt/Graphics;)V+68
j  javax.swing.RepaintManager$4.run()Ljava/lang/Void;+142
j  javax.swing.RepaintManager$4.run()Ljava/lang/Object;+1
v  ~StubRoutines::call_stub
V  [libjvm.dylib+0x2d4beb]
V  [libjvm.dylib+0x347a41]
j  java.security.AccessController.doPrivileged(Ljava/security/PrivilegedAction;Ljava/security/AccessControlContext;)Ljava/lang/Object;+0
j  java.security.ProtectionDomain$JavaSecurityAccessImpl.doIntersectionPrivilege(Ljava/security/PrivilegedAction;Ljava/security/AccessControlContext;Ljava/security/AccessControlContext;)Ljava/lang/Object;+18
j  javax.swing.RepaintManager.paintDirtyRegions(Ljava/util/Map;)V+154
j  javax.swing.RepaintManager.paintDirtyRegions()V+46
j  javax.swing.RepaintManager.prePaintDirtyRegions()V+73
j  javax.swing.RepaintManager.access$1200(Ljavax/swing/RepaintManager;)V+1
j  javax.swing.RepaintManager$ProcessingRunnable.run()V+37
j  java.awt.event.InvocationEvent.dispatch()V+47
j  java.awt.EventQueue.dispatchEventImpl(Ljava/awt/AWTEvent;Ljava/lang/Object;)V+21
j  java.awt.EventQueue.access$500(Ljava/awt/EventQueue;Ljava/awt/AWTEvent;Ljava/lang/Object;)V+3
j  java.awt.EventQueue$3.run()Ljava/lang/Void;+32
j  java.awt.EventQueue$3.run()Ljava/lang/Object;+1
v  ~StubRoutines::call_stub
V  [libjvm.dylib+0x2d4beb]
V  [libjvm.dylib+0x347a41]
j  java.security.AccessController.doPrivileged(Ljava/security/PrivilegedAction;Ljava/security/AccessControlContext;)Ljava/lang/Object;+0
j  java.security.ProtectionDomain$JavaSecurityAccessImpl.doIntersectionPrivilege(Ljava/security/PrivilegedAction;Ljava/security/AccessControlContext;Ljava/security/AccessControlContext;)Ljava/lang/Object;+18
j  java.awt.EventQueue.dispatchEvent(Ljava/awt/AWTEvent;)V+46
j  java.awt.EventDispatchThread.pumpOneEventForFilters(I)V+140
j  java.awt.EventDispatchThread.pumpEventsForFilter(ILjava/awt/Conditional;Ljava/awt/EventFilter;)V+35
j  java.awt.EventDispatchThread.pumpEventsForHierarchy(ILjava/awt/Conditional;Ljava/awt/Component;)V+11
j  java.awt.EventDispatchThread.pumpEvents(ILjava/awt/Conditional;)V+4
j  java.awt.EventDispatchThread.pumpEvents(Ljava/awt/Conditional;)V+3
j  java.awt.EventDispatchThread.run()V+9
v  ~StubRoutines::call_stub
V  [libjvm.dylib+0x2d4beb]
V  [libjvm.dylib+0x2d39f9]
V  [libjvm.dylib+0x2d3bd9]
V  [libjvm.dylib+0x350e9d]
V  [libjvm.dylib+0x570938]
V  [libjvm.dylib+0x5707f7]
V  [libjvm.dylib+0x49d723]
C  [libsystem_pthread.dylib+0x68fc]  _pthread_start+0xe0
C  [libsystem_pthread.dylib+0x2443]  thread_start+0xf
C  0x0000000000000000

Java frames: (J=compiled Java code, j=interpreted, Vv=VM code)
j  edu.school21.smartcalc.cpplib.NativeLibraryCalls.calculate(Ljava/lang/String;D)Z+0
j  edu.school21.smartcalc.chart.GraphicsPanel.paintComponent(Ljava/awt/Graphics;)V+13
j  javax.swing.JComponent.paint(Ljava/awt/Graphics;)V+286
j  javax.swing.JComponent.paintChildren(Ljava/awt/Graphics;)V+501
j  javax.swing.JComponent.paint(Ljava/awt/Graphics;)V+318
j  javax.swing.JComponent.paintChildren(Ljava/awt/Graphics;)V+501
j  javax.swing.JComponent.paint(Ljava/awt/Graphics;)V+318
j  javax.swing.JComponent.paintChildren(Ljava/awt/Graphics;)V+501
j  javax.swing.JComponent.paint(Ljava/awt/Graphics;)V+318
j  javax.swing.JLayeredPane.paint(Ljava/awt/Graphics;)V+73
j  javax.swing.JComponent.paintChildren(Ljava/awt/Graphics;)V+501
j  javax.swing.JComponent.paintToOffscreen(Ljava/awt/Graphics;IIIIII)V+72
j  javax.swing.RepaintManager$PaintManager.paintDoubleBuffered(Ljavax/swing/JComponent;Ljava/awt/Image;Ljava/awt/Graphics;IIII)V+163
j  javax.swing.RepaintManager$PaintManager.paint(Ljavax/swing/JComponent;Ljavax/swing/JComponent;Ljava/awt/Graphics;IIII)Z+116
j  javax.swing.RepaintManager.paint(Ljavax/swing/JComponent;Ljavax/swing/JComponent;Ljava/awt/Graphics;IIII)V+51
j  javax.swing.JComponent.paint(Ljava/awt/Graphics;)V+221
j  java.awt.GraphicsCallback$PaintCallback.run(Ljava/awt/Component;Ljava/awt/Graphics;)V+2
j  sun.awt.SunGraphicsCallback.runOneComponent(Ljava/awt/Component;Ljava/awt/Rectangle;Ljava/awt/Graphics;Ljava/awt/Shape;I)V+155
j  sun.awt.SunGraphicsCallback.runComponents([Ljava/awt/Component;Ljava/awt/Graphics;I)V+194
j  java.awt.Container.paint(Ljava/awt/Graphics;)V+58
j  java.awt.Window.paint(Ljava/awt/Graphics;)V+68
j  javax.swing.RepaintManager$4.run()Ljava/lang/Void;+142
j  javax.swing.RepaintManager$4.run()Ljava/lang/Object;+1
v  ~StubRoutines::call_stub
j  java.security.AccessController.doPrivileged(Ljava/security/PrivilegedAction;Ljava/security/AccessControlContext;)Ljava/lang/Object;+0
j  java.security.ProtectionDomain$JavaSecurityAccessImpl.doIntersectionPrivilege(Ljava/security/PrivilegedAction;Ljava/security/AccessControlContext;Ljava/security/AccessControlContext;)Ljava/lang/Object;+18
j  javax.swing.RepaintManager.paintDirtyRegions(Ljava/util/Map;)V+154
j  javax.swing.RepaintManager.paintDirtyRegions()V+46
j  javax.swing.RepaintManager.prePaintDirtyRegions()V+73
j  javax.swing.RepaintManager.access$1200(Ljavax/swing/RepaintManager;)V+1
j  javax.swing.RepaintManager$ProcessingRunnable.run()V+37
j  java.awt.event.InvocationEvent.dispatch()V+47
j  java.awt.EventQueue.dispatchEventImpl(Ljava/awt/AWTEvent;Ljava/lang/Object;)V+21
j  java.awt.EventQueue.access$500(Ljava/awt/EventQueue;Ljava/awt/AWTEvent;Ljava/lang/Object;)V+3
j  java.awt.EventQueue$3.run()Ljava/lang/Void;+32
j  java.awt.EventQueue$3.run()Ljava/lang/Object;+1
v  ~StubRoutines::call_stub
j  java.security.AccessController.doPrivileged(Ljava/security/PrivilegedAction;Ljava/security/AccessControlContext;)Ljava/lang/Object;+0
j  java.security.ProtectionDomain$JavaSecurityAccessImpl.doIntersectionPrivilege(Ljava/security/PrivilegedAction;Ljava/security/AccessControlContext;Ljava/security/AccessControlContext;)Ljava/lang/Object;+18
j  java.awt.EventQueue.dispatchEvent(Ljava/awt/AWTEvent;)V+46
j  java.awt.EventDispatchThread.pumpOneEventForFilters(I)V+140
j  java.awt.EventDispatchThread.pumpEventsForFilter(ILjava/awt/Conditional;Ljava/awt/EventFilter;)V+35
j  java.awt.EventDispatchThread.pumpEventsForHierarchy(ILjava/awt/Conditional;Ljava/awt/Component;)V+11
j  java.awt.EventDispatchThread.pumpEvents(ILjava/awt/Conditional;)V+4
j  java.awt.EventDispatchThread.pumpEvents(Ljava/awt/Conditional;)V+3
j  java.awt.EventDispatchThread.run()V+9
v  ~StubRoutines::call_stub

---------------  P R O C E S S  ---------------

Java Threads: ( => current thread )
  0x00007fd1e9aec800 JavaThread "DestroyJavaVM" [_thread_blocked, id=10499, stack(0x000070000dcf0000,0x000070000ddf0000)]
=>0x00007fd1e70da800 JavaThread "AWT-EventQueue-0" [_thread_in_vm, id=76035, stack(0x000070000f43e000,0x000070000f53e000)]
  0x00007fd1e6870800 JavaThread "Java2D Disposer" daemon [_thread_blocked, id=79363, stack(0x000070000f33b000,0x000070000f43b000)]
  0x00007fd1e8a49800 JavaThread "Java2D Queue Flusher" daemon [_thread_blocked, id=82951, stack(0x000070000f238000,0x000070000f338000)]
  0x00007fd1e99ff000 JavaThread "AWT-Shutdown" [_thread_blocked, id=37659, stack(0x000070000ef29000,0x000070000f029000)]
  0x00007fd1e9814000 JavaThread "AppKit Thread" daemon [_thread_in_native, id=259, stack(0x00007ffee5924000,0x00007ffee6124000)]
  0x00007fd1e7826800 JavaThread "Service Thread" daemon [_thread_blocked, id=16131, stack(0x000070000ed23000,0x000070000ee23000)]
  0x00007fd1e901d000 JavaThread "C1 CompilerThread2" daemon [_thread_blocked, id=17411, stack(0x000070000ec20000,0x000070000ed20000)]
  0x00007fd1e901c800 JavaThread "C2 CompilerThread1" daemon [_thread_blocked, id=15619, stack(0x000070000eb1d000,0x000070000ec1d000)]
  0x00007fd1e8887800 JavaThread "C2 CompilerThread0" daemon [_thread_blocked, id=17923, stack(0x000070000ea1a000,0x000070000eb1a000)]
  0x00007fd1e6808800 JavaThread "Monitor Ctrl-Break" daemon [_thread_in_native, id=18435, stack(0x000070000e917000,0x000070000ea17000)]
  0x00007fd1e9009000 JavaThread "Signal Dispatcher" daemon [_thread_blocked, id=15107, stack(0x000070000e814000,0x000070000e914000)]
  0x00007fd1e781c000 JavaThread "Finalizer" daemon [_thread_blocked, id=19715, stack(0x000070000e60b000,0x000070000e70b000)]
  0x00007fd1e7819000 JavaThread "Reference Handler" daemon [_thread_blocked, id=19971, stack(0x000070000e508000,0x000070000e608000)]

Other Threads:
  0x00007fd1e7812800 VMThread [stack: 0x000070000e405000,0x000070000e505000] [id=20227]
  0x00007fd1e88ca800 WatcherThread [stack: 0x000070000ee26000,0x000070000ef26000] [id=16643]

VM state:not at safepoint (normal execution)

VM Mutex/Monitor currently owned by a thread: None

heap address: 0x0000000740000000, size: 2048 MB, Compressed Oops mode: Zero based, Oop shift amount: 3
Narrow klass base: 0x0000000000000000, Narrow klass shift: 3
Compressed class space size: 1073741824 Address: 0x00000007c0000000

Heap:
 PSYoungGen      total 38400K, used 14801K [0x0000000795580000, 0x0000000798000000, 0x00000007c0000000)
  eden space 33280K, 44% used [0x0000000795580000,0x00000007963f44e8,0x0000000797600000)
  from space 5120K, 0% used [0x0000000797b00000,0x0000000797b00000,0x0000000798000000)
  to   space 5120K, 0% used [0x0000000797600000,0x0000000797600000,0x0000000797b00000)
 ParOldGen       total 87552K, used 0K [0x0000000740000000, 0x0000000745580000, 0x0000000795580000)
  object space 87552K, 0% used [0x0000000740000000,0x0000000740000000,0x0000000745580000)
 Metaspace       used 10548K, capacity 10862K, committed 11008K, reserved 1058816K
  class space    used 1313K, capacity 1428K, committed 1536K, reserved 1048576K

Card table byte_map: [0x000000010de2d000,0x000000010e22e000] byte_map_base: 0x000000010a42d000

Marking Bits: (ParMarkBitMap*) 0x000000010d725f48
 Begin Bits: [0x000000010e4d9000, 0x00000001104d9000)
 End Bits:   [0x00000001104d9000, 0x00000001124d9000)

Polling page: 0x0000000109b63000

CodeCache: size=245760Kb used=2335Kb max_used=2339Kb free=243424Kb
 bounds [0x00000001131d4000, 0x0000000113444000, 0x00000001221d4000]
 total_blobs=1071 nmethods=564 adapters=421
 compilation: enabled

Compilation events (10 events):
Event: 1.512 Thread 0x00007fd1e901d000 nmethod 559 0x0000000113419750 code [0x0000000113419920, 0x0000000113419f68]
Event: 1.515 Thread 0x00007fd1e901c800 nmethod 558 0x000000011341d4d0 code [0x000000011341d660, 0x000000011341da48]
Event: 1.515 Thread 0x00007fd1e901d000  560       3       javax.swing.JComponent::getFlag (20 bytes)
Event: 1.515 Thread 0x00007fd1e901d000 nmethod 560 0x000000011341d110 code [0x000000011341d280, 0x000000011341d450]
Event: 1.517 Thread 0x00007fd1e901d000  562       3       java.lang.ClassLoader::checkName (43 bytes)
Event: 1.518 Thread 0x00007fd1e901d000 nmethod 562 0x000000011341c1d0 code [0x000000011341c380, 0x000000011341caf8]
Event: 1.518 Thread 0x00007fd1e901d000  563       1       java.net.URL::getPort (5 bytes)
Event: 1.518 Thread 0x00007fd1e901d000 nmethod 563 0x000000011341bf10 code [0x000000011341c060, 0x000000011341c170]
Event: 1.518 Thread 0x00007fd1e901d000  564       3       java.io.UnixFileSystem::prefixLength (25 bytes)
Event: 1.518 Thread 0x00007fd1e901d000 nmethod 564 0x000000011341b6d0 code [0x000000011341b860, 0x000000011341bd28]

GC Heap History (0 events):
No events

Deoptimization events (1 events):
Event: 1.313 Thread 0x00007fd1e8809000 Uncommon trap: reason=unstable_if action=reinterpret pc=0x00000001133b47e8 method=java.lang.String.toLowerCase(Ljava/util/Locale;)Ljava/lang/String; @ 85

Classes redefined (0 events):
No events

Internal exceptions (10 events):
Event: 0.109 Thread 0x00007fd1e8809000 Exception <a 'java/security/PrivilegedActionException'> (0x000000079586f1c8) thrown at [/ws/workspace/8u352/jdk-8u352/CT/std/label/macosx-x86_64/type/b8/b/hotspot/src/share/vm/prims/jvm.cpp, line 1514]
Event: 0.109 Thread 0x00007fd1e8809000 Exception <a 'java/security/PrivilegedActionException'> (0x000000079586f3d8) thrown at [/ws/workspace/8u352/jdk-8u352/CT/std/label/macosx-x86_64/type/b8/b/hotspot/src/share/vm/prims/jvm.cpp, line 1514]
Event: 0.109 Thread 0x00007fd1e8809000 Exception <a 'java/security/PrivilegedActionException'> (0x0000000795872838) thrown at [/ws/workspace/8u352/jdk-8u352/CT/std/label/macosx-x86_64/type/b8/b/hotspot/src/share/vm/prims/jvm.cpp, line 1514]
Event: 0.109 Thread 0x00007fd1e8809000 Exception <a 'java/security/PrivilegedActionException'> (0x0000000795872a48) thrown at [/ws/workspace/8u352/jdk-8u352/CT/std/label/macosx-x86_64/type/b8/b/hotspot/src/share/vm/prims/jvm.cpp, line 1514]
Event: 0.150 Thread 0x00007fd1e8809000 Exception <a 'java/lang/NoSuchFieldError': method resolution failed> (0x0000000795a5c368) thrown at [/ws/workspace/8u352/jdk-8u352/CT/std/label/macosx-x86_64/type/b8/b/hotspot/src/share/vm/prims/methodHandles.cpp, line 1194]
Event: 0.151 Thread 0x00007fd1e8809000 Exception <a 'java/lang/NoSuchFieldError': method resolution failed> (0x0000000795a6a610) thrown at [/ws/workspace/8u352/jdk-8u352/CT/std/label/macosx-x86_64/type/b8/b/hotspot/src/share/vm/prims/methodHandles.cpp, line 1194]
Event: 0.435 Thread 0x00007fd1e8809000 Exception <a 'java/io/FileNotFoundException'> (0x0000000795b0bf08) thrown at [/ws/workspace/8u352/jdk-8u352/CT/std/label/macosx-x86_64/type/b8/b/hotspot/src/share/vm/prims/jni.cpp, line 711]
Event: 0.435 Thread 0x00007fd1e8809000 Exception <a 'java/io/FileNotFoundException'> (0x0000000795b0caa0) thrown at [/ws/workspace/8u352/jdk-8u352/CT/std/label/macosx-x86_64/type/b8/b/hotspot/src/share/vm/prims/jni.cpp, line 711]
Event: 0.446 Thread 0x00007fd1e8809000 Exception <a 'java/io/FileNotFoundException'> (0x0000000795b56040) thrown at [/ws/workspace/8u352/jdk-8u352/CT/std/label/macosx-x86_64/type/b8/b/hotspot/src/share/vm/prims/jni.cpp, line 711]
Event: 0.511 Thread 0x00007fd1e9814000 Exception <a 'java/lang/ClassNotFoundException': sun/dc/DuctusRenderingEngine> (0x0000000795ba1ba0) thrown at [/ws/workspace/8u352/jdk-8u352/CT/std/label/macosx-x86_64/type/b8/b/hotspot/src/share/vm/classfile/systemDictionary.cpp, line 217]

Events (10 events):
Event: 1.514 loading class sun/awt/image/VolatileSurfaceManager done
Event: 1.514 loading class sun/java2d/opengl/CGLVolatileSurfaceManager done
Event: 1.514 loading class sun/java2d/cmm/CMSManager
Event: 1.514 loading class sun/java2d/cmm/CMSManager done
Event: 1.514 loading class sun/java2d/opengl/CGLSurfaceData$CGLOffScreenSurfaceData
Event: 1.514 loading class sun/java2d/opengl/CGLSurfaceData$CGLOffScreenSurfaceData done
Event: 1.517 loading class edu/school21/smartcalc/cpplib/NativeLibraryCalls
Event: 1.517 loading class edu/school21/smartcalc/cpplib/NativeLibraryCalls done
Event: 1.518 loading class java/lang/ClassLoaderHelper
Event: 1.518 loading class java/lang/ClassLoaderHelper done


Dynamic libraries:
0x00007fff34ede000 	/System/Library/Frameworks/Cocoa.framework/Versions/A/Cocoa
0x00007fff22226000 	/System/Library/Frameworks/Security.framework/Versions/A/Security
0x00007fff330e6000 	/System/Library/Frameworks/ApplicationServices.framework/Versions/A/ApplicationServices
0x00007fff2a4a9000 	/usr/lib/libz.1.dylib
0x00007fff2a571000 	/usr/lib/libSystem.B.dylib
0x00007fff2040e000 	/System/Library/Frameworks/CoreFoundation.framework/Versions/A/CoreFoundation
0x00007fff211be000 	/System/Library/Frameworks/Foundation.framework/Versions/C/Foundation
0x00007fff2022e000 	/usr/lib/libobjc.A.dylib
0x00007fff22c57000 	/System/Library/Frameworks/AppKit.framework/Versions/C/AppKit
0x00007fff25b1c000 	/System/Library/Frameworks/CoreData.framework/Versions/A/CoreData
0x00007fff239a3000 	/System/Library/PrivateFrameworks/UIFoundation.framework/Versions/A/UIFoundation
0x00007fff2fba0000 	/System/Library/PrivateFrameworks/RemoteViewServices.framework/Versions/A/RemoteViewServices
0x00007fff289b5000 	/System/Library/PrivateFrameworks/XCTTargetBootstrap.framework/Versions/A/XCTTargetBootstrap
0x00007fff2b69c000 	/usr/lib/libspindump.dylib
0x00007fff23bf2000 	/System/Library/Frameworks/UniformTypeIdentifiers.framework/Versions/A/UniformTypeIdentifiers
0x00007fff271b9000 	/usr/lib/libapp_launch_measurement.dylib
0x00007fff271bc000 	/System/Library/PrivateFrameworks/CoreAutoLayout.framework/Versions/A/CoreAutoLayout
0x00007fff2831c000 	/System/Library/Frameworks/Metal.framework/Versions/A/Metal
0x00007fff29012000 	/usr/lib/liblangid.dylib
0x00007fff289b9000 	/System/Library/PrivateFrameworks/CoreSVG.framework/Versions/A/CoreSVG
0x00007fff24c32000 	/System/Library/PrivateFrameworks/SkyLight.framework/Versions/A/SkyLight
0x00007fff24f98000 	/System/Library/Frameworks/CoreGraphics.framework/Versions/A/CoreGraphics
0x00007fff300c7000 	/System/Library/Frameworks/Accelerate.framework/Versions/A/Accelerate
0x00007fff2b0da000 	/System/Library/PrivateFrameworks/IconServices.framework/Versions/A/IconServices
0x00007fff28300000 	/System/Library/Frameworks/IOSurface.framework/Versions/A/IOSurface
0x00007fff264a4000 	/usr/lib/libDiagnosticMessagesClient.dylib
0x00007fff289a1000 	/System/Library/PrivateFrameworks/DFRFoundation.framework/Versions/A/DFRFoundation
0x00007fff2257e000 	/usr/lib/libicucore.A.dylib
0x00007fff2cbdf000 	/System/Library/Frameworks/AudioToolbox.framework/Versions/A/AudioToolbox
0x00007fff2be67000 	/System/Library/PrivateFrameworks/DataDetectorsCore.framework/Versions/A/DataDetectorsCore
0x00007fff24ba5000 	/usr/lib/libMobileGestalt.dylib
0x00007fff286a5000 	/System/Library/Frameworks/Carbon.framework/Versions/A/Frameworks/HIToolbox.framework/Versions/A/HIToolbox
0x00007fff26bfe000 	/System/Library/Frameworks/QuartzCore.framework/Versions/A/QuartzCore
0x00007fff2fbd8000 	/System/Library/Frameworks/Carbon.framework/Versions/A/Frameworks/SpeechRecognition.framework/Versions/A/SpeechRecognition
0x00007fff26f1e000 	/System/Library/PrivateFrameworks/CoreUI.framework/Versions/A/CoreUI
0x00007fff21b94000 	/System/Library/Frameworks/CoreAudio.framework/Versions/A/CoreAudio
0x00007fff2658f000 	/System/Library/Frameworks/DiskArbitration.framework/Versions/A/DiskArbitration
0x00007fff2ba6a000 	/System/Library/PrivateFrameworks/MultitouchSupport.framework/Versions/A/MultitouchSupport
0x00007fff2be5e000 	/System/Library/PrivateFrameworks/InternationalSupport.framework/Versions/A/InternationalSupport
0x00007fff24ba4000 	/usr/lib/libenergytrace.dylib
0x00007fff22b4e000 	/System/Library/Frameworks/IOKit.framework/Versions/A/IOKit
0x00007fff2ff0b000 	/System/Library/Frameworks/CoreServices.framework/Versions/A/CoreServices
0x00007fff2714b000 	/System/Library/PrivateFrameworks/PerformanceAnalysis.framework/Versions/A/PerformanceAnalysis
0x00007fff6b882000 	/System/Library/Frameworks/OpenGL.framework/Versions/A/OpenGL
0x00007fff2bee2000 	/System/Library/PrivateFrameworks/UserActivity.framework/Versions/A/UserActivity
0x00007fff25622000 	/System/Library/Frameworks/ColorSync.framework/Versions/A/ColorSync
0x00007fff28c20000 	/System/Library/Frameworks/CoreImage.framework/Versions/A/CoreImage
0x00007fff219ae000 	/System/Library/Frameworks/CoreText.framework/Versions/A/CoreText
0x00007fff289e3000 	/System/Library/Frameworks/ImageIO.framework/Versions/A/ImageIO
0x00007fff2a577000 	/System/Library/PrivateFrameworks/SoftLinking.framework/Versions/A/SoftLinking
0x00007fff27204000 	/usr/lib/libxml2.2.dylib
0x00007fff202f4000 	/usr/lib/libc++.1.dylib
0x00007fff2a7e8000 	/usr/lib/libcompression.dylib
0x00007fff2bd90000 	/System/Library/PrivateFrameworks/TextureIO.framework/Versions/A/TextureIO
0x00007fff2ae18000 	/usr/lib/libate.dylib
0x00007fff2a56b000 	/usr/lib/system/libcache.dylib
0x00007fff2a527000 	/usr/lib/system/libcommonCrypto.dylib
0x00007fff2a551000 	/usr/lib/system/libcompiler_rt.dylib
0x00007fff2a546000 	/usr/lib/system/libcopyfile.dylib
0x00007fff2011e000 	/usr/lib/system/libcorecrypto.dylib
0x00007fff201e9000 	/usr/lib/system/libdispatch.dylib
0x00007fff2039c000 	/usr/lib/system/libdyld.dylib
0x00007fff2a562000 	/usr/lib/system/libkeymgr.dylib
0x00007fff2d976000 	/usr/lib/system/liblaunch.dylib
0x00007fff2a505000 	/usr/lib/system/libmacho.dylib
0x00007fff29cfd000 	/usr/lib/system/libquarantine.dylib
0x00007fff2a55f000 	/usr/lib/system/libremovefile.dylib
0x00007fff24c02000 	/usr/lib/system/libsystem_asl.dylib
0x00007fff200ce000 	/usr/lib/system/libsystem_blocks.dylib
0x00007fff2026b000 	/usr/lib/system/libsystem_c.dylib
0x00007fff2a559000 	/usr/lib/system/libsystem_collections.dylib
0x00007fff29003000 	/usr/lib/system/libsystem_configuration.dylib
0x00007fff282ef000 	/usr/lib/system/libsystem_containermanager.dylib
0x00007fff2a2a8000 	/usr/lib/system/libsystem_coreservices.dylib
0x00007fff227de000 	/usr/lib/system/libsystem_darwin.dylib
0x00007fff2a563000 	/usr/lib/system/libsystem_dnssd.dylib
0x00007fff20268000 	/usr/lib/system/libsystem_featureflags.dylib
0x00007fff203e2000 	/usr/lib/system/libsystem_info.dylib
0x00007fff2a4bc000 	/usr/lib/system/libsystem_m.dylib
0x00007fff201bc000 	/usr/lib/system/libsystem_malloc.dylib
0x00007fff24b95000 	/usr/lib/system/libsystem_networkextension.dylib
0x00007fff22bfd000 	/usr/lib/system/libsystem_notify.dylib
0x00007fff2fe0d000 	/usr/lib/system/libsystem_product_info_filter.dylib
0x00007fff29007000 	/usr/lib/system/libsystem_sandbox.dylib
0x00007fff2a55c000 	/usr/lib/system/libsystem_secinit.dylib
0x00007fff20360000 	/usr/lib/system/libsystem_kernel.dylib
0x00007fff203d8000 	/usr/lib/system/libsystem_platform.dylib
0x00007fff20390000 	/usr/lib/system/libsystem_pthread.dylib
0x00007fff262e0000 	/usr/lib/system/libsystem_symptoms.dylib
0x00007fff20106000 	/usr/lib/system/libsystem_trace.dylib
0x00007fff2a533000 	/usr/lib/system/libunwind.dylib
0x00007fff200d0000 	/usr/lib/system/libxpc.dylib
0x00007fff2034a000 	/usr/lib/libc++abi.dylib
0x00007fff2a53e000 	/usr/lib/liboah.dylib
0x00007fff2abfc000 	/usr/lib/liblzma.5.dylib
0x00007fff20ed2000 	/System/Library/Frameworks/SystemConfiguration.framework/Versions/A/SystemConfiguration
0x00007fff2a573000 	/usr/lib/libfakelink.dylib
0x00007fff246f6000 	/System/Library/Frameworks/CFNetwork.framework/Versions/A/CFNetwork
0x00007fff2a6b3000 	/usr/lib/libarchive.2.dylib
0x00007fff20f50000 	/usr/lib/libCRFSuite.dylib
0x00007fff29d24000 	/usr/lib/libbsm.0.dylib
0x00007fff2406f000 	/usr/lib/libnetwork.dylib
0x00007fff2a578000 	/usr/lib/libpcap.A.dylib
0x00007fff262d9000 	/usr/lib/libdns_services.dylib
0x00007fff2ac15000 	/usr/lib/libcoretls_cfhelpers.dylib
0x00007fff2a7b2000 	/usr/lib/libapple_nghttp2.dylib
0x00007fff2a50b000 	/usr/lib/system/libkxld.dylib
0x00007fff25f52000 	/usr/lib/libsqlite3.dylib
0x00007fff2a28b000 	/System/Library/PrivateFrameworks/AppleFSCompression.framework/Versions/A/AppleFSCompression
0x00007fff29d0c000 	/usr/lib/libcoretls.dylib
0x00007fff2a7e3000 	/usr/lib/libpam.2.dylib
0x00007fff2ad13000 	/usr/lib/libxar.1.dylib
0x00007fff2900e000 	/System/Library/PrivateFrameworks/AppleSystemInfo.framework/Versions/A/AppleSystemInfo
0x00007fff2994e000 	/System/Library/PrivateFrameworks/IOMobileFramebuffer.framework/Versions/A/IOMobileFramebuffer
0x00007fff2a29b000 	/usr/lib/libbz2.1.0.dylib
0x00007fff2a5b0000 	/usr/lib/libiconv.2.dylib
0x00007fff2a504000 	/usr/lib/libcharset.1.dylib
0x00007fff27187000 	/System/Library/Frameworks/CoreServices.framework/Versions/A/Frameworks/FSEvents.framework/Versions/A/FSEvents
0x00007fff227e8000 	/System/Library/Frameworks/CoreServices.framework/Versions/A/Frameworks/CarbonCore.framework/Versions/A/CarbonCore
0x00007fff264f4000 	/System/Library/Frameworks/CoreServices.framework/Versions/A/Frameworks/Metadata.framework/Versions/A/Metadata
0x00007fff2a2ad000 	/System/Library/Frameworks/CoreServices.framework/Versions/A/Frameworks/OSServices.framework/Versions/A/OSServices
0x00007fff2a725000 	/System/Library/Frameworks/CoreServices.framework/Versions/A/Frameworks/SearchKit.framework/Versions/A/SearchKit
0x00007fff26264000 	/System/Library/Frameworks/CoreServices.framework/Versions/A/Frameworks/AE.framework/Versions/A/AE
0x00007fff208ac000 	/System/Library/Frameworks/CoreServices.framework/Versions/A/Frameworks/LaunchServices.framework/Versions/A/LaunchServices
0x00007fff2abac000 	/System/Library/Frameworks/CoreServices.framework/Versions/A/Frameworks/DictionaryServices.framework/Versions/A/DictionaryServices
0x00007fff27194000 	/System/Library/Frameworks/CoreServices.framework/Versions/A/Frameworks/SharedFileList.framework/Versions/A/SharedFileList
0x00007fff29d00000 	/usr/lib/libCheckFix.dylib
0x00007fff24c19000 	/System/Library/PrivateFrameworks/TCC.framework/Versions/A/TCC
0x00007fff29014000 	/System/Library/PrivateFrameworks/CoreNLP.framework/Versions/A/CoreNLP
0x00007fff264a7000 	/System/Library/PrivateFrameworks/MetadataUtilities.framework/Versions/A/MetadataUtilities
0x00007fff20f85000 	/usr/lib/libmecabra.dylib
0x00007fff2a00a000 	/System/Library/Frameworks/MLCompute.framework/Versions/A/MLCompute
0x00007fff29d35000 	/usr/lib/libmecab.dylib
0x00007fff29d7f000 	/usr/lib/libgermantok.dylib
0x00007fff2a78d000 	/usr/lib/libThaiTokenizer.dylib
0x00007fff2ad4f000 	/usr/lib/libChineseTokenizer.dylib
0x00007fff2a7e1000 	/System/Library/Frameworks/MetalPerformanceShaders.framework/Versions/A/MetalPerformanceShaders
0x00007fff26596000 	/System/Library/Frameworks/Accelerate.framework/Versions/A/Frameworks/vImage.framework/Versions/A/vImage
0x00007fff2fee5000 	/System/Library/Frameworks/Accelerate.framework/Versions/A/Frameworks/vecLib.framework/Versions/A/vecLib
0x00007fff2ad5a000 	/System/Library/Frameworks/Accelerate.framework/Versions/A/Frameworks/vecLib.framework/Versions/A/libvMisc.dylib
0x00007fff29769000 	/System/Library/Frameworks/Accelerate.framework/Versions/A/Frameworks/vecLib.framework/Versions/A/libvDSP.dylib
0x00007fff20bb8000 	/System/Library/Frameworks/Accelerate.framework/Versions/A/Frameworks/vecLib.framework/Versions/A/libBLAS.dylib
0x00007fff2a80e000 	/System/Library/Frameworks/Accelerate.framework/Versions/A/Frameworks/vecLib.framework/Versions/A/libLAPACK.dylib
0x00007fff29d85000 	/System/Library/Frameworks/Accelerate.framework/Versions/A/Frameworks/vecLib.framework/Versions/A/libLinearAlgebra.dylib
0x00007fff2a7ca000 	/System/Library/Frameworks/Accelerate.framework/Versions/A/Frameworks/vecLib.framework/Versions/A/libSparseBLAS.dylib
0x00007fff2a808000 	/System/Library/Frameworks/Accelerate.framework/Versions/A/Frameworks/vecLib.framework/Versions/A/libQuadrature.dylib
0x00007fff290c0000 	/System/Library/Frameworks/Accelerate.framework/Versions/A/Frameworks/vecLib.framework/Versions/A/libBNNS.dylib
0x00007fff20e63000 	/System/Library/Frameworks/Accelerate.framework/Versions/A/Frameworks/vecLib.framework/Versions/A/libSparse.dylib
0x00007fff28f9c000 	/System/Library/Frameworks/MetalPerformanceShaders.framework/Versions/A/Frameworks/MPSCore.framework/Versions/A/MPSCore
0x00007fff2a1fa000 	/System/Library/Frameworks/MetalPerformanceShaders.framework/Versions/A/Frameworks/MPSImage.framework/Versions/A/MPSImage
0x00007fff29d9b000 	/System/Library/Frameworks/MetalPerformanceShaders.framework/Versions/A/Frameworks/MPSNeuralNetwork.framework/Versions/A/MPSNeuralNetwork
0x00007fff2a16c000 	/System/Library/Frameworks/MetalPerformanceShaders.framework/Versions/A/Frameworks/MPSMatrix.framework/Versions/A/MPSMatrix
0x00007fff29fba000 	/System/Library/Frameworks/MetalPerformanceShaders.framework/Versions/A/Frameworks/MPSRayIntersector.framework/Versions/A/MPSRayIntersector
0x00007fff2a1a3000 	/System/Library/Frameworks/MetalPerformanceShaders.framework/Versions/A/Frameworks/MPSNDArray.framework/Versions/A/MPSNDArray
0x00007fff20ae3000 	/System/Library/PrivateFrameworks/MetalTools.framework/Versions/A/MetalTools
0x00007fff2900c000 	/System/Library/PrivateFrameworks/AggregateDictionary.framework/Versions/A/AggregateDictionary
0x00007fff26474000 	/System/Library/PrivateFrameworks/CoreAnalytics.framework/Versions/A/CoreAnalytics
0x00007fff2a78f000 	/System/Library/PrivateFrameworks/AppleSauce.framework/Versions/A/AppleSauce
0x00007fff28312000 	/System/Library/PrivateFrameworks/IOAccelerator.framework/Versions/A/IOAccelerator
0x00007fff6b876000 	/System/Library/Frameworks/OpenGL.framework/Versions/A/Libraries/libCoreFSCache.dylib
0x00007fff2151d000 	/System/Library/PrivateFrameworks/LanguageModeling.framework/Versions/A/LanguageModeling
0x00007fff2993c000 	/System/Library/PrivateFrameworks/CoreEmoji.framework/Versions/A/CoreEmoji
0x00007fff290b9000 	/System/Library/PrivateFrameworks/LinguisticData.framework/Versions/A/LinguisticData
0x00007fff20e15000 	/System/Library/PrivateFrameworks/Lexicon.framework/Versions/A/Lexicon
0x00007fff2a6a1000 	/usr/lib/libcmph.dylib
0x00007fff27167000 	/System/Library/Frameworks/OpenDirectory.framework/Versions/A/Frameworks/CFOpenDirectory.framework/Versions/A/CFOpenDirectory
0x00007fff27157000 	/System/Library/Frameworks/OpenDirectory.framework/Versions/A/OpenDirectory
0x00007fff2ac17000 	/System/Library/PrivateFrameworks/APFS.framework/Versions/A/APFS
0x00007fff29c62000 	/System/Library/Frameworks/SecurityFoundation.framework/Versions/A/SecurityFoundation
0x00007fff2ad22000 	/usr/lib/libutil.dylib
0x00007fff22b13000 	/System/Library/PrivateFrameworks/CoreServicesStore.framework/Versions/A/CoreServicesStore
0x00007fff29cf8000 	/System/Library/Frameworks/ServiceManagement.framework/Versions/A/ServiceManagement
0x00007fff2ad26000 	/usr/lib/libxslt.1.dylib
0x00007fff29cee000 	/System/Library/PrivateFrameworks/BackgroundTaskManagement.framework/Versions/A/BackgroundTaskManagement
0x00007fff2bcda000 	/System/Library/Frameworks/ImageIO.framework/Versions/A/Resources/libRadiance.dylib
0x00007fff2bce4000 	/System/Library/Frameworks/ImageIO.framework/Versions/A/Resources/libJPEG.dylib
0x00007fff2bc34000 	/System/Library/Frameworks/ImageIO.framework/Versions/A/Resources/libPng.dylib
0x00007fff2bc55000 	/System/Library/Frameworks/ImageIO.framework/Versions/A/Resources/libTIFF.dylib
0x00007fff2bd39000 	/System/Library/Frameworks/ImageIO.framework/Versions/A/Resources/libGIF.dylib
0x00007fff2b986000 	/System/Library/Frameworks/ImageIO.framework/Versions/A/Resources/libJP2.dylib
0x00007fff2b0a1000 	/usr/lib/libexpat.1.dylib
0x00007fff2b93c000 	/System/Library/PrivateFrameworks/AppleJPEG.framework/Versions/A/AppleJPEG
0x00007fff28548000 	/System/Library/PrivateFrameworks/FontServices.framework/libFontParser.dylib
0x00007fff2621b000 	/System/Library/PrivateFrameworks/RunningBoardServices.framework/Versions/A/RunningBoardServices
0x00007fff2ba66000 	/System/Library/PrivateFrameworks/WatchdogClient.framework/Versions/A/WatchdogClient
0x00007fff21606000 	/System/Library/Frameworks/CoreDisplay.framework/Versions/A/CoreDisplay
0x00007fff2845d000 	/System/Library/Frameworks/CoreMedia.framework/Versions/A/CoreMedia
0x00007fff272e7000 	/System/Library/Frameworks/CoreVideo.framework/Versions/A/CoreVideo
0x00007fff2baa1000 	/System/Library/Frameworks/VideoToolbox.framework/Versions/A/VideoToolbox
0x00007fff2619b000 	/System/Library/PrivateFrameworks/BaseBoard.framework/Versions/A/BaseBoard
0x00007fff2b1e6000 	/System/Library/PrivateFrameworks/PersistentConnection.framework/Versions/A/PersistentConnection
0x00007fff25f3c000 	/System/Library/PrivateFrameworks/ProtocolBuffer.framework/Versions/A/ProtocolBuffer
0x00007fff26183000 	/System/Library/PrivateFrameworks/CommonUtilities.framework/Versions/A/CommonUtilities
0x00007fff2b8ff000 	/System/Library/PrivateFrameworks/Bom.framework/Versions/A/Bom
0x00007fff2bcd2000 	/System/Library/PrivateFrameworks/GPUWrangler.framework/Versions/A/GPUWrangler
0x00007fff2bcb5000 	/System/Library/PrivateFrameworks/IOPresentment.framework/Versions/A/IOPresentment
0x00007fff2bcde000 	/System/Library/PrivateFrameworks/DSExternalDisplay.framework/Versions/A/DSExternalDisplay
0x00007fff2bd3e000 	/System/Library/PrivateFrameworks/CMCaptureCore.framework/Versions/A/CMCaptureCore
0x00007fff2b682000 	/System/Library/PrivateFrameworks/AppServerSupport.framework/Versions/A/AppServerSupport
0x00007fff2d719000 	/System/Library/PrivateFrameworks/perfdata.framework/Versions/A/perfdata
0x00007fff29c51000 	/System/Library/PrivateFrameworks/AssertionServices.framework/Versions/A/AssertionServices
0x00007fff2173d000 	/System/Library/PrivateFrameworks/AudioToolboxCore.framework/Versions/A/AudioToolboxCore
0x00007fff28440000 	/System/Library/PrivateFrameworks/caulk.framework/Versions/A/caulk
0x00007fff3cbc0000 	/System/Library/PrivateFrameworks/SystemPolicy.framework/Versions/A/SystemPolicy
0x00007fff2aeb0000 	/usr/lib/libIOReport.dylib
0x00007fff2cf55000 	/usr/lib/libSMC.dylib
0x00007fff2bc00000 	/usr/lib/libAudioToolboxUtility.dylib
0x00007fff3d51d000 	/usr/lib/libmis.dylib
0x00007fff6b8d2000 	/System/Library/Frameworks/OpenGL.framework/Versions/A/Libraries/libGLU.dylib
0x00007fff6b895000 	/System/Library/Frameworks/OpenGL.framework/Versions/A/Libraries/libGFXShared.dylib
0x00007fff6baa3000 	/System/Library/Frameworks/OpenGL.framework/Versions/A/Libraries/libGL.dylib
0x00007fff6b89e000 	/System/Library/Frameworks/OpenGL.framework/Versions/A/Libraries/libGLImage.dylib
0x00007fff6b892000 	/System/Library/Frameworks/OpenGL.framework/Versions/A/Libraries/libCVMSPluginSupport.dylib
0x00007fff6b87d000 	/System/Library/Frameworks/OpenGL.framework/Versions/A/Libraries/libCoreVMClient.dylib
0x00007fff6ceed000 	/System/Library/Frameworks/OpenCL.framework/Versions/A/OpenCL
0x00007fff2b20f000 	/System/Library/PrivateFrameworks/GraphVisualizer.framework/Versions/A/GraphVisualizer
0x00007fff2b21e000 	/System/Library/PrivateFrameworks/FaceCore.framework/Versions/A/FaceCore
0x00007fff2b63a000 	/System/Library/PrivateFrameworks/OTSVG.framework/Versions/A/OTSVG
0x00007fff26edc000 	/System/Library/Frameworks/ApplicationServices.framework/Versions/A/Frameworks/ATS.framework/Versions/A/Resources/libFontRegistry.dylib
0x00007fff2b689000 	/System/Library/PrivateFrameworks/FontServices.framework/libhvf.dylib
0x00007fff2b04d000 	/System/Library/PrivateFrameworks/AppleVA.framework/Versions/A/AppleVA
0x00007fff2cd9d000 	/System/Library/Frameworks/ApplicationServices.framework/Versions/A/Frameworks/ATS.framework/Versions/A/ATS
0x00007fff2d0b0000 	/System/Library/Frameworks/ApplicationServices.framework/Versions/A/Frameworks/ColorSyncLegacy.framework/Versions/A/ColorSyncLegacy
0x00007fff2571a000 	/System/Library/Frameworks/ApplicationServices.framework/Versions/A/Frameworks/HIServices.framework/Versions/A/HIServices
0x00007fff2d095000 	/System/Library/Frameworks/ApplicationServices.framework/Versions/A/Frameworks/LangAnalysis.framework/Versions/A/LangAnalysis
0x00007fff2bd48000 	/System/Library/Frameworks/ApplicationServices.framework/Versions/A/Frameworks/PrintCore.framework/Versions/A/PrintCore
0x00007fff2d0b8000 	/System/Library/Frameworks/ApplicationServices.framework/Versions/A/Frameworks/QD.framework/Versions/A/QD
0x00007fff2cd8d000 	/System/Library/Frameworks/ApplicationServices.framework/Versions/A/Frameworks/SpeechSynthesis.framework/Versions/A/SpeechSynthesis
0x00007fff2bd09000 	/System/Library/Frameworks/ApplicationServices.framework/Versions/A/Frameworks/ATSUI.framework/Versions/A/ATSUI
0x00007fff2d035000 	/usr/lib/libcups.2.dylib
0x00007fff2d0a5000 	/System/Library/PrivateFrameworks/NetAuth.framework/Versions/A/NetAuth
0x00007fff2d734000 	/System/Library/Frameworks/Kerberos.framework/Versions/A/Kerberos
0x00007fff2d744000 	/System/Library/Frameworks/GSS.framework/Versions/A/GSS
0x00007fff2ce0a000 	/usr/lib/libresolv.9.dylib
0x00007fff2b69f000 	/System/Library/PrivateFrameworks/Heimdal.framework/Versions/A/Heimdal
0x00007fff333fb000 	/System/Library/Frameworks/Kerberos.framework/Versions/A/Libraries/libHeimdalProxy.dylib
0x00007fff262e8000 	/System/Library/Frameworks/Network.framework/Versions/A/Network
0x00007fff2b0bb000 	/usr/lib/libheimdal-asn1.dylib
0x00007fff2d795000 	/System/Library/PrivateFrameworks/CommonAuth.framework/Versions/A/CommonAuth
0x00007fff27335000 	/System/Library/PrivateFrameworks/login.framework/Versions/A/Frameworks/loginsupport.framework/Versions/A/loginsupport
0x00007fff2cd14000 	/System/Library/PrivateFrameworks/AudioSession.framework/Versions/A/AudioSession
0x00007fff2cd7a000 	/usr/lib/libAudioStatistics.dylib
0x00007fff2b147000 	/System/Library/PrivateFrameworks/MediaExperience.framework/Versions/A/MediaExperience
0x00007fff2cbad000 	/System/Library/PrivateFrameworks/AudioSession.framework/libSessionUtility.dylib
0x00007fff2d725000 	/usr/lib/libperfcheck.dylib
0x00007fff2d0c4000 	/System/Library/PrivateFrameworks/AudioResourceArbitration.framework/Versions/A/AudioResourceArbitration
0x00007fff2b0c5000 	/System/Library/PrivateFrameworks/IconFoundation.framework/Versions/A/IconFoundation
0x00007fff2fbc8000 	/System/Library/PrivateFrameworks/SpeechRecognitionCore.framework/Versions/A/SpeechRecognitionCore
0x000000010d000000 	/Users/pilafber/Library/Java/JavaVirtualMachines/liberica-1.8.0_352/jre/lib/server/libjvm.dylib
0x0000000109b0d000 	/Users/pilafber/Library/Java/JavaVirtualMachines/liberica-1.8.0_352/jre/lib/libverify.dylib
0x0000000109b1f000 	/Users/pilafber/Library/Java/JavaVirtualMachines/liberica-1.8.0_352/jre/lib/libjava.dylib
0x0000000109b64000 	/Users/pilafber/Library/Java/JavaVirtualMachines/liberica-1.8.0_352/jre/lib/libinstrument.dylib
0x0000000109bd2000 	/Users/pilafber/Library/Java/JavaVirtualMachines/liberica-1.8.0_352/jre/lib/libzip.dylib
0x0000000112c1f000 	/Users/pilafber/Library/Java/JavaVirtualMachines/liberica-1.8.0_352/jre/lib/libnio.dylib
0x0000000112c38000 	/Users/pilafber/Library/Java/JavaVirtualMachines/liberica-1.8.0_352/jre/lib/libnet.dylib
0x0000000112c65000 	/Users/pilafber/Library/Java/JavaVirtualMachines/liberica-1.8.0_352/jre/lib/libawt.dylib
0x0000000112d1b000 	/Users/pilafber/Library/Java/JavaVirtualMachines/liberica-1.8.0_352/jre/lib/libmlib_image.dylib
0x00007fff6e826000 	/System/Library/Frameworks/JavaNativeFoundation.framework/Versions/A/JavaNativeFoundation
0x00007fff6e832000 	/System/Library/Frameworks/JavaRuntimeSupport.framework/Versions/A/JavaRuntimeSupport
0x00007fff3c90a000 	/System/Library/Frameworks/Carbon.framework/Versions/A/Carbon
0x00007fff31a39000 	/System/Library/PrivateFrameworks/CoreSymbolication.framework/Versions/A/CoreSymbolication
0x00007fff363a6000 	/System/Library/Frameworks/Carbon.framework/Versions/A/Frameworks/CommonPanels.framework/Versions/A/CommonPanels
0x00007fff32e90000 	/System/Library/Frameworks/Carbon.framework/Versions/A/Frameworks/Help.framework/Versions/A/Help
0x00007fff363aa000 	/System/Library/Frameworks/Carbon.framework/Versions/A/Frameworks/ImageCapture.framework/Versions/A/ImageCapture
0x00007fff3637a000 	/System/Library/Frameworks/Carbon.framework/Versions/A/Frameworks/OpenScripting.framework/Versions/A/OpenScripting
0x00007fff363a2000 	/System/Library/Frameworks/Carbon.framework/Versions/A/Frameworks/Ink.framework/Versions/A/Ink
0x00007fff3c906000 	/System/Library/Frameworks/Carbon.framework/Versions/A/Frameworks/Print.framework/Versions/A/Print
0x00007fff3639e000 	/System/Library/Frameworks/Carbon.framework/Versions/A/Frameworks/SecurityHI.framework/Versions/A/SecurityHI
0x00007fff319fd000 	/System/Library/PrivateFrameworks/DebugSymbols.framework/Versions/A/DebugSymbols
0x0000000112ddd000 	/Users/pilafber/Library/Java/JavaVirtualMachines/liberica-1.8.0_352/jre/lib/libawt_lwawt.dylib
0x0000000112eb3000 	/Users/pilafber/Library/Java/JavaVirtualMachines/liberica-1.8.0_352/jre/lib/libosxapp.dylib
0x00007fff3bf21000 	/System/Library/Frameworks/ExceptionHandling.framework/Versions/A/ExceptionHandling
0x00007fff22ad4000 	/System/Library/PrivateFrameworks/CoreServicesInternal.framework/Versions/A/CoreServicesInternal
0x00007fff30f4f000 	/System/Library/Frameworks/FileProvider.framework/Versions/A/FileProvider
0x00007fff26106000 	/System/Library/Frameworks/Accounts.framework/Versions/A/Accounts
0x00007fff3109f000 	/System/Library/PrivateFrameworks/GenerationalStorage.framework/Versions/A/GenerationalStorage
0x00007fff3096f000 	/System/Library/PrivateFrameworks/SymptomDiagnosticReporter.framework/Versions/A/SymptomDiagnosticReporter
0x00007fff23c05000 	/System/Library/PrivateFrameworks/DesktopServicesPriv.framework/Versions/A/DesktopServicesPriv
0x00007fff22c09000 	/usr/lib/libsandbox.1.dylib
0x00007fff27360000 	/System/Library/PrivateFrameworks/UserManagement.framework/Versions/A/UserManagement
0x00007fff29c2e000 	/System/Library/PrivateFrameworks/MobileKeyBag.framework/Versions/A/MobileKeyBag
0x00007fff3447e000 	/System/Library/PrivateFrameworks/ChunkingLibrary.framework/Versions/A/ChunkingLibrary
0x00007fff2e158000 	/System/Library/PrivateFrameworks/Sharing.framework/Versions/A/Sharing
0x00007fff329fd000 	/System/Library/PrivateFrameworks/Apple80211.framework/Versions/A/Apple80211
0x00007fff2a2db000 	/System/Library/PrivateFrameworks/AuthKit.framework/Versions/A/AuthKit
0x00007fff29a2c000 	/System/Library/PrivateFrameworks/CoreUtils.framework/Versions/A/CoreUtils
0x00007fff29959000 	/System/Library/Frameworks/CoreWLAN.framework/Versions/A/CoreWLAN
0x00007fff2e2a4000 	/System/Library/Frameworks/IOBluetooth.framework/Versions/A/IOBluetooth
0x00007fff32a61000 	/System/Library/PrivateFrameworks/CoreWiFi.framework/Versions/A/CoreWiFi
0x00007fff2d81b000 	/System/Library/PrivateFrameworks/CorePhoneNumbers.framework/Versions/A/CorePhoneNumbers
0x00007fff30a76000 	/System/Library/PrivateFrameworks/DiskManagement.framework/Versions/A/DiskManagement
0x00007fff3098c000 	/System/Library/PrivateFrameworks/AppleIDAuthSupport.framework/Versions/A/AppleIDAuthSupport
0x00007fff2d7fb000 	/System/Library/PrivateFrameworks/KeychainCircle.framework/Versions/A/KeychainCircle
0x00007fff30a42000 	/System/Library/PrivateFrameworks/MediaKit.framework/Versions/A/MediaKit
0x00007fff30999000 	/System/Library/Frameworks/DiscRecording.framework/Versions/A/DiscRecording
0x00007fff2afc1000 	/usr/lib/libCoreStorage.dylib
0x00007fff32e9c000 	/usr/lib/libcsfde.dylib
0x00007fff2e3df000 	/System/Library/PrivateFrameworks/ProtectedCloudStorage.framework/Versions/A/ProtectedCloudStorage
0x00007fff32e94000 	/System/Library/PrivateFrameworks/EFILogin.framework/Versions/A/EFILogin
0x00007fff334ae000 	/System/Library/Frameworks/AudioUnit.framework/Versions/A/AudioUnit
0x00007fff30909000 	/System/Library/Frameworks/CoreBluetooth.framework/Versions/A/CoreBluetooth
0x00007fff2afb9000 	/usr/lib/libMatch.1.dylib
0x00007fff43791000 	/System/Library/CoreServices/RawCamera.bundle/Contents/MacOS/RawCamera
0x00007fff2d7a6000 	/System/Library/PrivateFrameworks/MobileAsset.framework/Versions/A/MobileAsset
0x00007fff334d2000 	/System/Library/PrivateFrameworks/StreamingZip.framework/Versions/A/StreamingZip
0x00007fff2bf40000 	/System/Library/Frameworks/MediaToolbox.framework/Versions/A/MediaToolbox
0x00007fff30f21000 	/System/Library/PrivateFrameworks/CoreAVCHD.framework/Versions/A/CoreAVCHD
0x00007fff30108000 	/System/Library/Frameworks/MediaAccessibility.framework/Versions/A/MediaAccessibility
0x00007fff30f1d000 	/System/Library/PrivateFrameworks/Mangrove.framework/Versions/A/Mangrove
0x00007fff30114000 	/System/Library/PrivateFrameworks/AlgosScoreFramework.framework/Versions/A/AlgosScoreFramework
0x00007fff3190b000 	/System/Library/PrivateFrameworks/AppleVPA.framework/Versions/A/AppleVPA
0x00007fff30b62000 	/System/Library/PrivateFrameworks/CoreAUC.framework/Versions/A/CoreAUC
0x00007fff411e4000 	/System/Library/Frameworks/Accelerate.framework/Versions/A/Frameworks/vImage.framework/Versions/A/Libraries/libCGInterfaces.dylib
0x000000011307a000 	/usr/lib/libobjc-trampolines.dylib
0x00007fff2705f000 	/System/Library/PrivateFrameworks/ViewBridge.framework/Versions/A/ViewBridge
0x00007fff6baae000 	/System/Library/Frameworks/OpenGL.framework/Versions/A/Resources/GLEngine.bundle/GLEngine
0x00007fff6b90f000 	/System/Library/Frameworks/OpenGL.framework/Versions/A/Libraries/libGLProgrammability.dylib
0x00000001280df000 	/System/Library/Extensions/AMDRadeonX4000GLDriver.bundle/Contents/MacOS/AMDRadeonX4000GLDriver
0x00007fff462d7000 	/System/Library/PrivateFrameworks/GPUSupport.framework/Versions/A/Libraries/libGPUSupportMercury.dylib
0x00007fff6ddef000 	/System/Library/Extensions/AMDRadeonX4000GLDriver.bundle/Contents/MacOS/ATIRadeonX4000SCLib.dylib
0x00007fff5defa000 	/System/Library/Extensions/AMDShared.bundle/Contents/PlugIns/libSC.dylib
0x00007fff6bc2c000 	/System/Library/Frameworks/OpenGL.framework/Versions/A/Resources/GLRendererFloat.bundle/GLRendererFloat
0x00007fff2b760000 	/System/Library/PrivateFrameworks/login.framework/Versions/A/login
0x000000012827f000 	/Users/pilafber/Library/Java/JavaVirtualMachines/liberica-1.8.0_352/jre/lib/libfontmanager.dylib
0x0000000128301000 	/Users/pilafber/Library/Java/JavaVirtualMachines/liberica-1.8.0_352/jre/lib/libfreetype.dylib
0x0000000128387000 	/Users/pilafber/Library/Java/JavaVirtualMachines/liberica-1.8.0_352/jre/lib/libosxui.dylib
0x00007fff5ccb5000 	/System/Library/CoreServices/Encodings/libSimplifiedChineseConverter.dylib
0x00000001590ee000 	/Users/pilafber/Projects/SmartCalcJava/src/SmartCalc/src/main/lib/libsmartcalc.dylib

VM Arguments:
jvm_args: -Djava.library.path=/Users/pilafber/Projects/SmartCalcJava/src/SmartCalc/src/main/lib -javaagent:/opt/goinfre/pilafber/IntelliJ IDEA.app/Contents/lib/idea_rt.jar=50001:/opt/goinfre/pilafber/IntelliJ IDEA.app/Contents/bin -Dfile.encoding=UTF-8 
java_command: edu.school21.smartcalc.View
java_class_path (initial): /Users/pilafber/Library/Java/JavaVirtualMachines/liberica-1.8.0_352/jre/lib/charsets.jar:/Users/pilafber/Library/Java/JavaVirtualMachines/liberica-1.8.0_352/jre/lib/ext/cldrdata.jar:/Users/pilafber/Library/Java/JavaVirtualMachines/liberica-1.8.0_352/jre/lib/ext/dnsns.jar:/Users/pilafber/Library/Java/JavaVirtualMachines/liberica-1.8.0_352/jre/lib/ext/jaccess.jar:/Users/pilafber/Library/Java/JavaVirtualMachines/liberica-1.8.0_352/jre/lib/ext/jfxrt.jar:/Users/pilafber/Library/Java/JavaVirtualMachines/liberica-1.8.0_352/jre/lib/ext/localedata.jar:/Users/pilafber/Library/Java/JavaVirtualMachines/liberica-1.8.0_352/jre/lib/ext/nashorn.jar:/Users/pilafber/Library/Java/JavaVirtualMachines/liberica-1.8.0_352/jre/lib/ext/sunec.jar:/Users/pilafber/Library/Java/JavaVirtualMachines/liberica-1.8.0_352/jre/lib/ext/sunjce_provider.jar:/Users/pilafber/Library/Java/JavaVirtualMachines/liberica-1.8.0_352/jre/lib/ext/sunpkcs11.jar:/Users/pilafber/Library/Java/JavaVirtualMachines/liberica-1.8.0_352/jre/lib/ext/zipfs.jar:/Users/pilafber/Library/Java/JavaVirtualMachines/liberica-1.8.0_352/jre/lib/jce.jar:/Users/pilafber/Library/Java/JavaVirtualMachines/liberica-1.8.0_352/jre/lib/jfr.jar:/Users/pilafber/Library/Java/JavaVirtualMachines/liberica-1.8.0_352/jre/lib/jfxswt.jar:/Users/pilafber/Library/Java/JavaVirtualMachines/liberica-1.8.0_352/jre/lib/jsse.jar:/Users/pilafber/Library/Java/JavaVirtualMachines/liberica-1.8.0_352/jre/lib/management-agent.jar:/Users/pilafber/Library/Java/JavaVirtualMachines/liberica-1.8.0_352/jre/lib/resources.jar:/Users/pilafber/Library/Java/JavaVirtualMachines/liberica-1.8.0_352/jre/lib/rt.jar:/Users/pilafber/Projects/SmartCalcJava/src/SmartCalc/target/classes:/Users/pilafber/.m2/repository/org/springframework/boot/spring-boot-starter/2.7.7/spring-boot-starter-2.7.7.jar:/Users/pilafber/.m2/repository/org/springframework/boot/spring-boot/2.7.7/spring-boot-2.7.7.jar:/Users/pilafber/.m2/repository/org/springframework/spring-context/5.3.
Launcher Type: SUN_STANDARD

Environment Variables:
JAVA_HOME=/Library/Java/JavaVirtualMachines/jdk-18.0.2.jdk/Contents/Home
PATH=/usr/local/bin:/usr/bin:/bin:/usr/sbin:/sbin:/usr/local/go/bin:/usr/local/munki:/Library/Apple/usr/bin
SHELL=/bin/zsh

Signal Handlers:
SIGSEGV: [libjvm.dylib+0x5aea23], sa_mask[0]=11111111011111110111111111111111, sa_flags=SA_ONSTACK|SA_RESTART|SA_SIGINFO
SIGBUS: [libjvm.dylib+0x5aea23], sa_mask[0]=11111111011111110111111111111111, sa_flags=SA_RESTART|SA_SIGINFO
SIGFPE: [libjvm.dylib+0x49fc3d], sa_mask[0]=11111111011111110111111111111111, sa_flags=SA_RESTART|SA_SIGINFO
SIGPIPE: [libjvm.dylib+0x49fc3d], sa_mask[0]=11111111011111110111111111111111, sa_flags=SA_RESTART|SA_SIGINFO
SIGXFSZ: [libjvm.dylib+0x49fc3d], sa_mask[0]=11111111011111110111111111111111, sa_flags=SA_RESTART|SA_SIGINFO
SIGILL: [libjvm.dylib+0x49fc3d], sa_mask[0]=11111111011111110111111111111111, sa_flags=SA_RESTART|SA_SIGINFO
SIGUSR1: SIG_DFL, sa_mask[0]=00000000000000000000000000000000, sa_flags=none
SIGUSR2: [libjvm.dylib+0x4a052c], sa_mask[0]=00100000000000000000000000000000, sa_flags=SA_RESTART|SA_SIGINFO
SIGHUP: [libjvm.dylib+0x49e66f], sa_mask[0]=11111111011111110111111111111111, sa_flags=SA_RESTART|SA_SIGINFO
SIGINT: [libjvm.dylib+0x49e66f], sa_mask[0]=11111111011111110111111111111111, sa_flags=SA_RESTART|SA_SIGINFO
SIGTERM: [libjvm.dylib+0x49e66f], sa_mask[0]=11111111011111110111111111111111, sa_flags=SA_RESTART|SA_SIGINFO
SIGQUIT: [libjvm.dylib+0x49e66f], sa_mask[0]=11111111011111110111111111111111, sa_flags=SA_RESTART|SA_SIGINFO


---------------  S Y S T E M  ---------------

OS:Bsduname:Darwin 20.6.0 Darwin Kernel Version 20.6.0: Tue Apr 19 21:04:45 PDT 2022; root:xnu-7195.141.29~1/RELEASE_X86_64 x86_64
rlimit: STACK 8192k, CORE 0k, NPROC 1392, NOFILE 10240, AS infinity
load average:2.99 2.70 2.62

CPU:total 6 (initial active 6) (6 cores per cpu, 1 threads per core) family 6 model 158 stepping 10, cmov, cx8, fxsr, mmx, sse, sse2, sse3, ssse3, sse4.1, sse4.2, popcnt, avx, avx2, aes, clmul, erms, rtm, 3dnowpref, lzcnt, tsc, tscinvbit, bmi1, bmi2, adx

Memory: 4k page, physical 8388608k(39180k free)

/proc/meminfo:


vm_info: OpenJDK 64-Bit Server VM (25.352-b08) for bsd-amd64 JRE (1.8.0_352-b08), built on Oct 15 2022 06:32:17 by "re" with gcc 4.2.1 Compatible Apple LLVM 11.0.0 (clang-1100.0.33.17)

time: Sat Jan 14 08:51:38 2023
timezone: MSK
elapsed time: 1.633430 seconds (0d 0h 0m 1s)

