Compiling the C compiler identification source file "CMakeCCompilerId.c" failed.
Compiler: /Applications/Xcode.app/Contents/Developer/Toolchains/XcodeDefault.xctoolchain/usr/bin/cc 
Build flags: 
Id flags:  

The output was:
1
ld: library not found for -lSystem
clang: error: linker command failed with exit code 1 (use -v to see invocation)


Compiling the CXX compiler identification source file "CMakeCXXCompilerId.cpp" failed.
Compiler: /Applications/Xcode.app/Contents/Developer/Toolchains/XcodeDefault.xctoolchain/usr/bin/c++ 
Build flags: 
Id flags:  

The output was:
1
ld: library not found for -lc++
clang: error: linker command failed with exit code 1 (use -v to see invocation)


Performing C SOURCE FILE Test JNI_INCLUDE_PATH2_OPTIONAL failed with the following output:
Change Dir: /Users/pilafber/Projects/SmartCalcJava/SmartCalcCpp/src/cmake-build-debug/CMakeFiles/CMakeTmp

Run Build Command(s):/opt/goinfre/pilafber/CLion.app/Contents/bin/ninja/mac/ninja cmTC_28dda && [1/2] Building C object CMakeFiles/cmTC_28dda.dir/src.c.o
FAILED: CMakeFiles/cmTC_28dda.dir/src.c.o 
/Applications/Xcode.app/Contents/Developer/Toolchains/XcodeDefault.xctoolchain/usr/bin/cc -DJNI_INCLUDE_PATH2_OPTIONAL -I/Library/Java/JavaVirtualMachines/jdk-18.0.2.jdk/Contents/Home/include -isysroot /Applications/Xcode.app/Contents/Developer/Platforms/MacOSX.platform/Developer/SDKs/MacOSX12.1.sdk -mmacosx-version-min=11.6 -fcolor-diagnostics -MD -MT CMakeFiles/cmTC_28dda.dir/src.c.o -MF CMakeFiles/cmTC_28dda.dir/src.c.o.d -o CMakeFiles/cmTC_28dda.dir/src.c.o -c /Users/pilafber/Projects/SmartCalcJava/SmartCalcCpp/src/cmake-build-debug/CMakeFiles/CMakeTmp/src.c
In file included from /Users/pilafber/Projects/SmartCalcJava/SmartCalcCpp/src/cmake-build-debug/CMakeFiles/CMakeTmp/src.c:2:
/Library/Java/JavaVirtualMachines/jdk-18.0.2.jdk/Contents/Home/include/jni.h:45:10: fatal error: 'jni_md.h' file not found
#include "jni_md.h"
         ^~~~~~~~~~
1 error generated.
ninja: build stopped: subcommand failed.


Source file was:

#include <jni.h>
int main(void) { return 0; }

